   dh_update_autotools_config
   dh_autoreconf
libtoolize: putting auxiliary files in '.'.
libtoolize: copying file './ltmain.sh'
libtoolize: Consider adding 'AC_CONFIG_MACRO_DIRS([m4])' to configure.ac,
libtoolize: and rerunning libtoolize and aclocal.
libtoolize: Consider adding '-I m4' to ACLOCAL_AMFLAGS in Makefile.am.
configure.ac:12: installing './compile'
configure.ac:15: installing './config.guess'
configure.ac:15: installing './config.sub'
configure.ac:6: installing './install-sh'
configure.ac:6: installing './missing'
Makefile.am: installing './INSTALL'
src/Makefile.am:5: warning: 'INCLUDES' is the old name for 'AM_CPPFLAGS' (or '*_CPPFLAGS')
src/Makefile.am: installing './depcomp'
src/filteropt/Makefile.am:3: warning: 'INCLUDES' is the old name for 'AM_CPPFLAGS' (or '*_CPPFLAGS')
src/memory/Makefile.am:3: warning: 'INCLUDES' is the old name for 'AM_CPPFLAGS' (or '*_CPPFLAGS')
src/pagemanager/Makefile.am:3: warning: 'INCLUDES' is the old name for 'AM_CPPFLAGS' (or '*_CPPFLAGS')
src/raster/Makefile.am:5: warning: 'INCLUDES' is the old name for 'AM_CPPFLAGS' (or '*_CPPFLAGS')
src/raster/blendSource/Makefile.am:3: warning: 'INCLUDES' is the old name for 'AM_CPPFLAGS' (or '*_CPPFLAGS')
   dh_auto_configure
	./configure --build=x86_64-linux-gnu --prefix=/usr --includedir=\${prefix}/include --mandir=\${prefix}/share/man --infodir=\${prefix}/share/info --sysconfdir=/etc --localstatedir=/var --disable-silent-rules --libdir=\${prefix}/lib/x86_64-linux-gnu --libexecdir=\${prefix}/lib/x86_64-linux-gnu --disable-maintainer-mode --disable-dependency-tracking
checking for a BSD-compatible install... /usr/bin/install -c
checking whether build environment is sane... yes
checking for a thread-safe mkdir -p... /usr/bin/mkdir -p
checking for gawk... gawk
checking whether make sets $(MAKE)... yes
checking whether make supports nested variables... yes
checking for gcc... gcc
checking whether the C compiler works... yes
checking for C compiler default output file name... a.out
checking for suffix of executables... 
checking whether we are cross compiling... no
checking for suffix of object files... o
checking whether we are using the GNU C compiler... yes
checking whether gcc accepts -g... yes
checking for gcc option to accept ISO C89... none needed
checking whether gcc understands -c and -o together... yes
checking whether make supports the include directive... yes (GNU style)
checking dependency style of gcc... none
checking whether ln -s works... yes
checking build system type... x86_64-pc-linux-gnu
checking host system type... x86_64-pc-linux-gnu
checking how to print strings... printf
checking for a sed that does not truncate output... /usr/bin/sed
checking for grep that handles long lines and -e... /usr/bin/grep
checking for egrep... /usr/bin/grep -E
checking for fgrep... /usr/bin/grep -F
checking for ld used by gcc... /usr/bin/ld
checking if the linker (/usr/bin/ld) is GNU ld... yes
checking for BSD- or MS-compatible name lister (nm)... /usr/bin/nm -B
checking the name lister (/usr/bin/nm -B) interface... BSD nm
checking the maximum length of command line arguments... 1572864
checking how to convert x86_64-pc-linux-gnu file names to x86_64-pc-linux-gnu format... func_convert_file_noop
checking how to convert x86_64-pc-linux-gnu file names to toolchain format... func_convert_file_noop
checking for /usr/bin/ld option to reload object files... -r
checking for objdump... objdump
checking how to recognize dependent libraries... pass_all
checking for dlltool... no
checking how to associate runtime and link libraries... printf %s\n
checking for ar... ar
checking for archiver @FILE support... @
checking for strip... strip
checking for ranlib... ranlib
checking command to parse /usr/bin/nm -B output from gcc object... ok
checking for sysroot... no
checking for a working dd... /usr/bin/dd
checking how to truncate binary pipes... /usr/bin/dd bs=4096 count=1
checking for mt... no
checking if : is a manifest tool... no
checking how to run the C preprocessor... gcc -E
checking for ANSI C header files... yes
checking for sys/types.h... yes
checking for sys/stat.h... yes
checking for stdlib.h... yes
checking for string.h... yes
checking for memory.h... yes
checking for strings.h... yes
checking for inttypes.h... yes
checking for stdint.h... yes
checking for unistd.h... yes
checking for dlfcn.h... yes
checking for objdir... .libs
checking if gcc supports -fno-rtti -fno-exceptions... no
checking for gcc option to produce PIC... -fPIC -DPIC
checking if gcc PIC flag -fPIC -DPIC works... yes
checking if gcc static flag -static works... yes
checking if gcc supports -c -o file.o... yes
checking if gcc supports -c -o file.o... (cached) yes
checking whether the gcc linker (/usr/bin/ld -m elf_x86_64) supports shared libraries... yes
checking whether -lc should be explicitly linked in... no
checking dynamic linker characteristics... GNU/Linux ld.so
checking how to hardcode library paths into programs... immediate
checking whether stripping libraries is possible... yes
checking if libtool supports shared libraries... yes
checking whether to build shared libraries... yes
checking whether to build static libraries... yes
checking for dlopen in -ldl... yes
checking for ANSI C header files... (cached) yes
checking fcntl.h usability... yes
checking fcntl.h presence... yes
checking for fcntl.h... yes
checking for stdlib.h... (cached) yes
checking for string.h... (cached) yes
checking for unistd.h... (cached) yes
checking for an ANSI C-conforming const... yes
checking for size_t... yes
checking return type of signal handlers... void
checking for vprintf... yes
checking for _doprnt... no
checking for memset... yes
checking for strdup... yes
checking that generated files are newer than configure... done
configure: creating ./config.status
config.status: creating Makefile
config.status: creating src/Makefile
config.status: creating src/raster/Makefile
config.status: creating src/raster/blendSource/Makefile
config.status: creating src/memory/Makefile
config.status: creating src/pagemanager/Makefile
config.status: creating src/filteropt/Makefile
config.status: creating config.h
config.status: executing depfiles commands
config.status: executing libtool commands
   dh_auto_build
	make -j1
make  all-recursive
make[1]: Entering directory '/workspaces/epson-inkjet-printer'
Making all in src
make[2]: Entering directory '/workspaces/epson-inkjet-printer/src'
Making all in memory
make[3]: Entering directory '/workspaces/epson-inkjet-printer/src/memory'
/bin/bash ../../libtool  --tag=CC   --mode=compile gcc -DHAVE_CONFIG_H -I. -I../.. -I../  -Wdate-time -D_FORTIFY_SOURCE=2 -fsigned-char -O2 -c -o memory.lo memory.c
libtool: compile:  gcc -DHAVE_CONFIG_H -I. -I../.. -I../ -Wdate-time -D_FORTIFY_SOURCE=2 -fsigned-char -O2 -c memory.c  -fPIC -DPIC -o .libs/memory.o
libtool: compile:  gcc -DHAVE_CONFIG_H -I. -I../.. -I../ -Wdate-time -D_FORTIFY_SOURCE=2 -fsigned-char -O2 -c memory.c -o memory.o >/dev/null 2>&1
/bin/bash ../../libtool  --tag=CC   --mode=link gcc -fsigned-char -O2  -Wl,-Bsymbolic-functions -Wl,-z,relro -o libmemory.la  memory.lo  -ldl 
libtool: link: ar cr .libs/libmemory.a .libs/memory.o 
libtool: link: ranlib .libs/libmemory.a
libtool: link: ( cd ".libs" && rm -f "libmemory.la" && ln -s "../libmemory.la" "libmemory.la" )
make[3]: Leaving directory '/workspaces/epson-inkjet-printer/src/memory'
Making all in raster
make[3]: Entering directory '/workspaces/epson-inkjet-printer/src/raster'
Making all in blendSource
make[4]: Entering directory '/workspaces/epson-inkjet-printer/src/raster/blendSource'
/bin/bash ../../../libtool  --tag=CC   --mode=compile gcc -DHAVE_CONFIG_H -I. -I../../.. -I../ -I../../ -I../../memory  -Wdate-time -D_FORTIFY_SOURCE=2 -fsigned-char -O2 -c -o blend-watermark.lo blend-watermark.c
libtool: compile:  gcc -DHAVE_CONFIG_H -I. -I../../.. -I../ -I../../ -I../../memory -Wdate-time -D_FORTIFY_SOURCE=2 -fsigned-char -O2 -c blend-watermark.c  -fPIC -DPIC -o .libs/blend-watermark.o
libtool: compile:  gcc -DHAVE_CONFIG_H -I. -I../../.. -I../ -I../../ -I../../memory -Wdate-time -D_FORTIFY_SOURCE=2 -fsigned-char -O2 -c blend-watermark.c -o blend-watermark.o >/dev/null 2>&1
/bin/bash ../../../libtool  --tag=CC   --mode=compile gcc -DHAVE_CONFIG_H -I. -I../../.. -I../ -I../../ -I../../memory  -Wdate-time -D_FORTIFY_SOURCE=2 -fsigned-char -O2 -c -o blend-watermark-wbf-reader.lo blend-watermark-wbf-reader.c
libtool: compile:  gcc -DHAVE_CONFIG_H -I. -I../../.. -I../ -I../../ -I../../memory -Wdate-time -D_FORTIFY_SOURCE=2 -fsigned-char -O2 -c blend-watermark-wbf-reader.c  -fPIC -DPIC -o .libs/blend-watermark-wbf-reader.o
libtool: compile:  gcc -DHAVE_CONFIG_H -I. -I../../.. -I../ -I../../ -I../../memory -Wdate-time -D_FORTIFY_SOURCE=2 -fsigned-char -O2 -c blend-watermark-wbf-reader.c -o blend-watermark-wbf-reader.o >/dev/null 2>&1
/bin/bash ../../../libtool  --tag=CC   --mode=compile gcc -DHAVE_CONFIG_H -I. -I../../.. -I../ -I../../ -I../../memory  -Wdate-time -D_FORTIFY_SOURCE=2 -fsigned-char -O2 -c -o blend-source.lo blend-source.c
libtool: compile:  gcc -DHAVE_CONFIG_H -I. -I../../.. -I../ -I../../ -I../../memory -Wdate-time -D_FORTIFY_SOURCE=2 -fsigned-char -O2 -c blend-source.c  -fPIC -DPIC -o .libs/blend-source.o
libtool: compile:  gcc -DHAVE_CONFIG_H -I. -I../../.. -I../ -I../../ -I../../memory -Wdate-time -D_FORTIFY_SOURCE=2 -fsigned-char -O2 -c blend-source.c -o blend-source.o >/dev/null 2>&1
/bin/bash ../../../libtool  --tag=CC   --mode=link gcc -fsigned-char -O2  -Wl,-Bsymbolic-functions -Wl,-z,relro -o libblendSource.la  blend-watermark.lo blend-watermark-wbf-reader.lo blend-source.lo ../../memory/libmemory.la  -ldl 
libtool: link: (cd .libs/libblendSource.lax/libmemory.a && ar x "/workspaces/epson-inkjet-printer/src/raster/blendSource/../../memory/.libs/libmemory.a")
libtool: link: ar cr .libs/libblendSource.a .libs/blend-watermark.o .libs/blend-watermark-wbf-reader.o .libs/blend-source.o   .libs/libblendSource.lax/libmemory.a/memory.o 
libtool: link: ranlib .libs/libblendSource.a
libtool: link: rm -fr .libs/libblendSource.lax
libtool: link: ( cd ".libs" && rm -f "libblendSource.la" && ln -s "../libblendSource.la" "libblendSource.la" )
make[4]: Leaving directory '/workspaces/epson-inkjet-printer/src/raster/blendSource'
make[4]: Entering directory '/workspaces/epson-inkjet-printer/src/raster'
/bin/bash ../../libtool  --tag=CC   --mode=compile gcc -DHAVE_CONFIG_H -I. -I../.. -I../ -I../memory -I./blendSource  -Wdate-time -D_FORTIFY_SOURCE=2 -fsigned-char -O2 -c -o mirror.lo mirror.c
libtool: compile:  gcc -DHAVE_CONFIG_H -I. -I../.. -I../ -I../memory -I./blendSource -Wdate-time -D_FORTIFY_SOURCE=2 -fsigned-char -O2 -c mirror.c  -fPIC -DPIC -o .libs/mirror.o
libtool: compile:  gcc -DHAVE_CONFIG_H -I. -I../.. -I../ -I../memory -I./blendSource -Wdate-time -D_FORTIFY_SOURCE=2 -fsigned-char -O2 -c mirror.c -o mirror.o >/dev/null 2>&1
/bin/bash ../../libtool  --tag=CC   --mode=compile gcc -DHAVE_CONFIG_H -I. -I../.. -I../ -I../memory -I./blendSource  -Wdate-time -D_FORTIFY_SOURCE=2 -fsigned-char -O2 -c -o fetch-pool.lo fetch-pool.c
libtool: compile:  gcc -DHAVE_CONFIG_H -I. -I../.. -I../ -I../memory -I./blendSource -Wdate-time -D_FORTIFY_SOURCE=2 -fsigned-char -O2 -c fetch-pool.c  -fPIC -DPIC -o .libs/fetch-pool.o
libtool: compile:  gcc -DHAVE_CONFIG_H -I. -I../.. -I../ -I../memory -I./blendSource -Wdate-time -D_FORTIFY_SOURCE=2 -fsigned-char -O2 -c fetch-pool.c -o fetch-pool.o >/dev/null 2>&1
/bin/bash ../../libtool  --tag=CC   --mode=compile gcc -DHAVE_CONFIG_H -I. -I../.. -I../ -I../memory -I./blendSource  -Wdate-time -D_FORTIFY_SOURCE=2 -fsigned-char -O2 -c -o raster-helper.lo raster-helper.c
libtool: compile:  gcc -DHAVE_CONFIG_H -I. -I../.. -I../ -I../memory -I./blendSource -Wdate-time -D_FORTIFY_SOURCE=2 -fsigned-char -O2 -c raster-helper.c  -fPIC -DPIC -o .libs/raster-helper.o
libtool: compile:  gcc -DHAVE_CONFIG_H -I. -I../.. -I../ -I../memory -I./blendSource -Wdate-time -D_FORTIFY_SOURCE=2 -fsigned-char -O2 -c raster-helper.c -o raster-helper.o >/dev/null 2>&1
/bin/bash ../../libtool  --tag=CC   --mode=compile gcc -DHAVE_CONFIG_H -I. -I../.. -I../ -I../memory -I./blendSource  -Wdate-time -D_FORTIFY_SOURCE=2 -fsigned-char -O2 -c -o raster.lo raster.c
libtool: compile:  gcc -DHAVE_CONFIG_H -I. -I../.. -I../ -I../memory -I./blendSource -Wdate-time -D_FORTIFY_SOURCE=2 -fsigned-char -O2 -c raster.c  -fPIC -DPIC -o .libs/raster.o
libtool: compile:  gcc -DHAVE_CONFIG_H -I. -I../.. -I../ -I../memory -I./blendSource -Wdate-time -D_FORTIFY_SOURCE=2 -fsigned-char -O2 -c raster.c -o raster.o >/dev/null 2>&1
/bin/bash ../../libtool  --tag=CC   --mode=compile gcc -DHAVE_CONFIG_H -I. -I../.. -I../ -I../memory -I./blendSource  -Wdate-time -D_FORTIFY_SOURCE=2 -fsigned-char -O2 -c -o reverse.lo reverse.c
libtool: compile:  gcc -DHAVE_CONFIG_H -I. -I../.. -I../ -I../memory -I./blendSource -Wdate-time -D_FORTIFY_SOURCE=2 -fsigned-char -O2 -c reverse.c  -fPIC -DPIC -o .libs/reverse.o
libtool: compile:  gcc -DHAVE_CONFIG_H -I. -I../.. -I../ -I../memory -I./blendSource -Wdate-time -D_FORTIFY_SOURCE=2 -fsigned-char -O2 -c reverse.c -o reverse.o >/dev/null 2>&1
/bin/bash ../../libtool  --tag=CC   --mode=compile gcc -DHAVE_CONFIG_H -I. -I../.. -I../ -I../memory -I./blendSource  -Wdate-time -D_FORTIFY_SOURCE=2 -fsigned-char -O2 -c -o blend.lo blend.c
libtool: compile:  gcc -DHAVE_CONFIG_H -I. -I../.. -I../ -I../memory -I./blendSource -Wdate-time -D_FORTIFY_SOURCE=2 -fsigned-char -O2 -c blend.c  -fPIC -DPIC -o .libs/blend.o
libtool: compile:  gcc -DHAVE_CONFIG_H -I. -I../.. -I../ -I../memory -I./blendSource -Wdate-time -D_FORTIFY_SOURCE=2 -fsigned-char -O2 -c blend.c -o blend.o >/dev/null 2>&1
/bin/bash ../../libtool  --tag=CC   --mode=compile gcc -DHAVE_CONFIG_H -I. -I../.. -I../ -I../memory -I./blendSource  -Wdate-time -D_FORTIFY_SOURCE=2 -fsigned-char -O2 -c -o scale.lo scale.c
libtool: compile:  gcc -DHAVE_CONFIG_H -I. -I../.. -I../ -I../memory -I./blendSource -Wdate-time -D_FORTIFY_SOURCE=2 -fsigned-char -O2 -c scale.c  -fPIC -DPIC -o .libs/scale.o
libtool: compile:  gcc -DHAVE_CONFIG_H -I. -I../.. -I../ -I../memory -I./blendSource -Wdate-time -D_FORTIFY_SOURCE=2 -fsigned-char -O2 -c scale.c -o scale.o >/dev/null 2>&1
/bin/bash ../../libtool  --tag=CC   --mode=link gcc -fsigned-char -O2  -Wl,-Bsymbolic-functions -Wl,-z,relro -o libraster.la  mirror.lo fetch-pool.lo raster-helper.lo raster.lo reverse.lo blend.lo scale.lo ./blendSource/libblendSource.la ../memory/libmemory.la  -ldl 
libtool: link: (cd .libs/libraster.lax/libblendSource.a && ar x "/workspaces/epson-inkjet-printer/src/raster/./blendSource/.libs/libblendSource.a")
libtool: link: (cd .libs/libraster.lax/libmemory.a && ar x "/workspaces/epson-inkjet-printer/src/raster/../memory/.libs/libmemory.a")
copying selected object files to avoid basename conflicts...
libtool: link: ln .libs/libraster.lax/libmemory.a/memory.o .libs/libraster.lax/lt1-memory.o || cp .libs/libraster.lax/libmemory.a/memory.o .libs/libraster.lax/lt1-memory.o
libtool: link: ar cr .libs/libraster.a .libs/mirror.o .libs/fetch-pool.o .libs/raster-helper.o .libs/raster.o .libs/reverse.o .libs/blend.o .libs/scale.o .libs/libraster.lax/libblendSource.a/blend-source.o .libs/libraster.lax/libblendSource.a/blend-watermark-wbf-reader.o .libs/libraster.lax/libblendSource.a/blend-watermark.o .libs/libraster.lax/libblendSource.a/memory.o .libs/libraster.lax/lt1-memory.o
libtool: link: ranlib .libs/libraster.a
libtool: link: rm -fr .libs/libraster.lax .libs/libraster.lax
libtool: link: ( cd ".libs" && rm -f "libraster.la" && ln -s "../libraster.la" "libraster.la" )
make[4]: Leaving directory '/workspaces/epson-inkjet-printer/src/raster'
make[3]: Leaving directory '/workspaces/epson-inkjet-printer/src/raster'
Making all in pagemanager
make[3]: Entering directory '/workspaces/epson-inkjet-printer/src/pagemanager'
/bin/bash ../../libtool  --tag=CC   --mode=compile gcc -DHAVE_CONFIG_H -I. -I../.. -I.. -I../../include -I../memory -I../filteropt -I../raster  -Wdate-time -D_FORTIFY_SOURCE=2  -O2 -c -o subpage.lo subpage.c
libtool: compile:  gcc -DHAVE_CONFIG_H -I. -I../.. -I.. -I../../include -I../memory -I../filteropt -I../raster -Wdate-time -D_FORTIFY_SOURCE=2 -O2 -c subpage.c  -fPIC -DPIC -o .libs/subpage.o
libtool: compile:  gcc -DHAVE_CONFIG_H -I. -I../.. -I.. -I../../include -I../memory -I../filteropt -I../raster -Wdate-time -D_FORTIFY_SOURCE=2 -O2 -c subpage.c -o subpage.o >/dev/null 2>&1
/bin/bash ../../libtool  --tag=CC   --mode=compile gcc -DHAVE_CONFIG_H -I. -I../.. -I.. -I../../include -I../memory -I../filteropt -I../raster  -Wdate-time -D_FORTIFY_SOURCE=2  -O2 -c -o subpagemanager.lo subpagemanager.c
libtool: compile:  gcc -DHAVE_CONFIG_H -I. -I../.. -I.. -I../../include -I../memory -I../filteropt -I../raster -Wdate-time -D_FORTIFY_SOURCE=2 -O2 -c subpagemanager.c  -fPIC -DPIC -o .libs/subpagemanager.o
libtool: compile:  gcc -DHAVE_CONFIG_H -I. -I../.. -I.. -I../../include -I../memory -I../filteropt -I../raster -Wdate-time -D_FORTIFY_SOURCE=2 -O2 -c subpagemanager.c -o subpagemanager.o >/dev/null 2>&1
/bin/bash ../../libtool  --tag=CC   --mode=compile gcc -DHAVE_CONFIG_H -I. -I../.. -I.. -I../../include -I../memory -I../filteropt -I../raster  -Wdate-time -D_FORTIFY_SOURCE=2  -O2 -c -o pagemanager.lo pagemanager.c
libtool: compile:  gcc -DHAVE_CONFIG_H -I. -I../.. -I.. -I../../include -I../memory -I../filteropt -I../raster -Wdate-time -D_FORTIFY_SOURCE=2 -O2 -c pagemanager.c  -fPIC -DPIC -o .libs/pagemanager.o
libtool: compile:  gcc -DHAVE_CONFIG_H -I. -I../.. -I.. -I../../include -I../memory -I../filteropt -I../raster -Wdate-time -D_FORTIFY_SOURCE=2 -O2 -c pagemanager.c -o pagemanager.o >/dev/null 2>&1
/bin/bash ../../libtool  --tag=CC   --mode=link gcc  -O2  -Wl,-Bsymbolic-functions -Wl,-z,relro -o libpagemanager.la  subpage.lo subpagemanager.lo pagemanager.lo ../memory/libmemory.la ../raster/libraster.la  -ldl 
libtool: link: (cd .libs/libpagemanager.lax/libmemory.a && ar x "/workspaces/epson-inkjet-printer/src/pagemanager/../memory/.libs/libmemory.a")
libtool: link: (cd .libs/libpagemanager.lax/libraster.a && ar x "/workspaces/epson-inkjet-printer/src/pagemanager/../raster/.libs/libraster.a")
copying selected object files to avoid basename conflicts...
libtool: link: ln .libs/libpagemanager.lax/libraster.a/memory.o .libs/libpagemanager.lax/lt2-memory.o || cp .libs/libpagemanager.lax/libraster.a/memory.o .libs/libpagemanager.lax/lt2-memory.o
libtool: link: ar cr .libs/libpagemanager.a .libs/subpage.o .libs/subpagemanager.o .libs/pagemanager.o .libs/libpagemanager.lax/libmemory.a/memory.o .libs/libpagemanager.lax/libraster.a/blend-source.o .libs/libpagemanager.lax/libraster.a/blend-watermark-wbf-reader.o .libs/libpagemanager.lax/libraster.a/blend-watermark.o .libs/libpagemanager.lax/libraster.a/blend.o .libs/libpagemanager.lax/libraster.a/fetch-pool.o .libs/libpagemanager.lax/libraster.a/lt1-memory.o .libs/libpagemanager.lax/lt2-memory.o .libs/libpagemanager.lax/libraster.a/mirror.o .libs/libpagemanager.lax/libraster.a/raster-helper.o .libs/libpagemanager.lax/libraster.a/raster.o .libs/libpagemanager.lax/libraster.a/reverse.o .libs/libpagemanager.lax/libraster.a/scale.o
libtool: link: ranlib .libs/libpagemanager.a
libtool: link: rm -fr .libs/libpagemanager.lax .libs/libpagemanager.lax
libtool: link: ( cd ".libs" && rm -f "libpagemanager.la" && ln -s "../libpagemanager.la" "libpagemanager.la" )
make[3]: Leaving directory '/workspaces/epson-inkjet-printer/src/pagemanager'
Making all in filteropt
make[3]: Entering directory '/workspaces/epson-inkjet-printer/src/filteropt'
/bin/bash ../../libtool  --tag=CC   --mode=compile gcc -DHAVE_CONFIG_H -I. -I../.. -I.. -I../raster  -Wdate-time -D_FORTIFY_SOURCE=2 -fsigned-char -O2 -c -o filter_option.lo filter_option.c
libtool: compile:  gcc -DHAVE_CONFIG_H -I. -I../.. -I.. -I../raster -Wdate-time -D_FORTIFY_SOURCE=2 -fsigned-char -O2 -c filter_option.c  -fPIC -DPIC -o .libs/filter_option.o
libtool: compile:  gcc -DHAVE_CONFIG_H -I. -I../.. -I.. -I../raster -Wdate-time -D_FORTIFY_SOURCE=2 -fsigned-char -O2 -c filter_option.c -o filter_option.o >/dev/null 2>&1
/bin/bash ../../libtool  --tag=CC   --mode=link gcc -fsigned-char -O2  -Wl,-Bsymbolic-functions -Wl,-z,relro -o libfilteropt.la  filter_option.lo  -ldl 
libtool: link: ar cr .libs/libfilteropt.a .libs/filter_option.o 
libtool: link: ranlib .libs/libfilteropt.a
libtool: link: ( cd ".libs" && rm -f "libfilteropt.la" && ln -s "../libfilteropt.la" "libfilteropt.la" )
make[3]: Leaving directory '/workspaces/epson-inkjet-printer/src/filteropt'
make[3]: Entering directory '/workspaces/epson-inkjet-printer/src'
gcc -DHAVE_CONFIG_H -I. -I.. -I../include -I./raster -I./memory -I./pagemanager -I./filteropt  -Wdate-time -D_FORTIFY_SOURCE=2  -O2 -c -o main.o main.c
gcc -DHAVE_CONFIG_H -I. -I.. -I../include -I./raster -I./memory -I./pagemanager -I./filteropt  -Wdate-time -D_FORTIFY_SOURCE=2  -O2 -c -o raster_to_epson.o raster_to_epson.c
/bin/bash ../libtool  --tag=CC   --mode=link gcc  -O2  -Wl,-Bsymbolic-functions -Wl,-z,relro -o epson_inkjet_printer_filter main.o raster_to_epson.o -ldl -lstdc++ -lcupsimage -lcups -ljpeg -lm ./memory/libmemory.la ./pagemanager/libpagemanager.la ./filteropt/libfilteropt.la ./raster/libraster.la -ldl 
libtool: link: gcc -O2 -Wl,-Bsymbolic-functions -Wl,-z -Wl,relro -o epson_inkjet_printer_filter main.o raster_to_epson.o  -lstdc++ -lcupsimage -lcups -ljpeg -lm ./memory/.libs/libmemory.a ./pagemanager/.libs/libpagemanager.a ./filteropt/.libs/libfilteropt.a ./raster/.libs/libraster.a -ldl
make[3]: Leaving directory '/workspaces/epson-inkjet-printer/src'
make[2]: Leaving directory '/workspaces/epson-inkjet-printer/src'
make[2]: Entering directory '/workspaces/epson-inkjet-printer'
make[2]: Leaving directory '/workspaces/epson-inkjet-printer'
make[1]: Leaving directory '/workspaces/epson-inkjet-printer'
   dh_auto_test
	make -j1 check VERBOSE=1
Making check in src
make[1]: Entering directory '/workspaces/epson-inkjet-printer/src'
Making check in memory
make[2]: Entering directory '/workspaces/epson-inkjet-printer/src/memory'
make[2]: Nothing to be done for 'check'.
make[2]: Leaving directory '/workspaces/epson-inkjet-printer/src/memory'
Making check in raster
make[2]: Entering directory '/workspaces/epson-inkjet-printer/src/raster'
Making check in blendSource
make[3]: Entering directory '/workspaces/epson-inkjet-printer/src/raster/blendSource'
make[3]: Nothing to be done for 'check'.
make[3]: Leaving directory '/workspaces/epson-inkjet-printer/src/raster/blendSource'
make[3]: Entering directory '/workspaces/epson-inkjet-printer/src/raster'
make[3]: Nothing to be done for 'check-am'.
make[3]: Leaving directory '/workspaces/epson-inkjet-printer/src/raster'
make[2]: Leaving directory '/workspaces/epson-inkjet-printer/src/raster'
Making check in pagemanager
make[2]: Entering directory '/workspaces/epson-inkjet-printer/src/pagemanager'
make[2]: Nothing to be done for 'check'.
make[2]: Leaving directory '/workspaces/epson-inkjet-printer/src/pagemanager'
Making check in filteropt
make[2]: Entering directory '/workspaces/epson-inkjet-printer/src/filteropt'
make[2]: Nothing to be done for 'check'.
make[2]: Leaving directory '/workspaces/epson-inkjet-printer/src/filteropt'
make[2]: Entering directory '/workspaces/epson-inkjet-printer/src'
make[2]: Nothing to be done for 'check-am'.
make[2]: Leaving directory '/workspaces/epson-inkjet-printer/src'
make[1]: Leaving directory '/workspaces/epson-inkjet-printer/src'
make[1]: Entering directory '/workspaces/epson-inkjet-printer'
make[1]: Leaving directory '/workspaces/epson-inkjet-printer'
   dh_testroot
   dh_prep
   dh_auto_install
	make -j1 install DESTDIR=/workspaces/epson-inkjet-printer/debian/tmp AM_UPDATE_INFO_DIR=no
Making install in src
make[1]: Entering directory '/workspaces/epson-inkjet-printer/src'
Making install in memory
make[2]: Entering directory '/workspaces/epson-inkjet-printer/src/memory'
make[3]: Entering directory '/workspaces/epson-inkjet-printer/src/memory'
make[3]: Nothing to be done for 'install-exec-am'.
make[3]: Nothing to be done for 'install-data-am'.
make[3]: Leaving directory '/workspaces/epson-inkjet-printer/src/memory'
make[2]: Leaving directory '/workspaces/epson-inkjet-printer/src/memory'
Making install in raster
make[2]: Entering directory '/workspaces/epson-inkjet-printer/src/raster'
Making install in blendSource
make[3]: Entering directory '/workspaces/epson-inkjet-printer/src/raster/blendSource'
make[4]: Entering directory '/workspaces/epson-inkjet-printer/src/raster/blendSource'
make[4]: Nothing to be done for 'install-exec-am'.
make[4]: Nothing to be done for 'install-data-am'.
make[4]: Leaving directory '/workspaces/epson-inkjet-printer/src/raster/blendSource'
make[3]: Leaving directory '/workspaces/epson-inkjet-printer/src/raster/blendSource'
make[3]: Entering directory '/workspaces/epson-inkjet-printer/src/raster'
make[4]: Entering directory '/workspaces/epson-inkjet-printer/src/raster'
make[4]: Nothing to be done for 'install-exec-am'.
make[4]: Nothing to be done for 'install-data-am'.
make[4]: Leaving directory '/workspaces/epson-inkjet-printer/src/raster'
make[3]: Leaving directory '/workspaces/epson-inkjet-printer/src/raster'
make[2]: Leaving directory '/workspaces/epson-inkjet-printer/src/raster'
Making install in pagemanager
make[2]: Entering directory '/workspaces/epson-inkjet-printer/src/pagemanager'
make[3]: Entering directory '/workspaces/epson-inkjet-printer/src/pagemanager'
make[3]: Nothing to be done for 'install-exec-am'.
make[3]: Nothing to be done for 'install-data-am'.
make[3]: Leaving directory '/workspaces/epson-inkjet-printer/src/pagemanager'
make[2]: Leaving directory '/workspaces/epson-inkjet-printer/src/pagemanager'
Making install in filteropt
make[2]: Entering directory '/workspaces/epson-inkjet-printer/src/filteropt'
make[3]: Entering directory '/workspaces/epson-inkjet-printer/src/filteropt'
make[3]: Nothing to be done for 'install-exec-am'.
make[3]: Nothing to be done for 'install-data-am'.
make[3]: Leaving directory '/workspaces/epson-inkjet-printer/src/filteropt'
make[2]: Leaving directory '/workspaces/epson-inkjet-printer/src/filteropt'
make[2]: Entering directory '/workspaces/epson-inkjet-printer/src'
make[3]: Entering directory '/workspaces/epson-inkjet-printer/src'
 /usr/bin/mkdir -p '/workspaces/epson-inkjet-printer/debian/tmp/usr/lib/cups/filter'
  /bin/bash ../libtool   --mode=install /usr/bin/install -c epson_inkjet_printer_filter '/workspaces/epson-inkjet-printer/debian/tmp/usr/lib/cups/filter'
libtool: install: /usr/bin/install -c epson_inkjet_printer_filter /workspaces/epson-inkjet-printer/debian/tmp/usr/lib/cups/filter/epson_inkjet_printer_filter
make[3]: Nothing to be done for 'install-data-am'.
make[3]: Leaving directory '/workspaces/epson-inkjet-printer/src'
make[2]: Leaving directory '/workspaces/epson-inkjet-printer/src'
make[1]: Leaving directory '/workspaces/epson-inkjet-printer/src'
make[1]: Entering directory '/workspaces/epson-inkjet-printer'
make[2]: Entering directory '/workspaces/epson-inkjet-printer'
make[2]: Nothing to be done for 'install-exec-am'.
 /usr/bin/mkdir -p '/workspaces/epson-inkjet-printer/debian/tmp/usr/doc'
 /usr/bin/install -c -m 644 AUTHORS COPYING COPYING.LIB COPYING.EPSON NEWS README '/workspaces/epson-inkjet-printer/debian/tmp/usr/doc'
 /usr/bin/mkdir -p '/workspaces/epson-inkjet-printer/debian/tmp/etc/ld.so.conf.d'
 /usr/bin/install -c -m 644 ld.so.conf.d/99-epson-inkjet-printer.conf '/workspaces/epson-inkjet-printer/debian/tmp/etc/ld.so.conf.d'
make[2]: Leaving directory '/workspaces/epson-inkjet-printer'
make[1]: Leaving directory '/workspaces/epson-inkjet-printer'
   debian/rules override_dh_install
filename=debian/epson-inkjet-printer ; \
extension=.docs ; \
for driver in l100l200 201207w 201215w 201310w 201401w 201601w ; do \
  rm -f $@ ; \
  sed "s/@DRIVER_NAME@/${driver}/g" debian/epson-inkjet-printer.docs.in > ${filename}-${driver}${extension} ; \
done
filename=debian/epson-inkjet-printer ; \
extension=.install ; \
for driver in l100l200 201207w 201215w 201310w 201401w 201601w ; do \
  rm -f $@ ; \
  sed "s/@DRIVER_NAME@/${driver}/g" debian/epson-inkjet-printer.install.in > ${filename}-${driver}${extension} ; \
done
dh_install
# Get the architecture specific files in their right places
for driver in l100l200 201207w 201215w 201310w 201401w 201601w ; do \
  mkdir -p /workspaces/epson-inkjet-printer/debian/epson-inkjet-printer-${driver}/usr/lib/epson-inkjet-printer/ ; \
  install -c -m 644 ${driver}/lib64/libEpson_* \
    /workspaces/epson-inkjet-printer/debian/epson-inkjet-printer-${driver}/usr/lib/epson-inkjet-printer/ ; \
done;
   dh_installdocs
   dh_installchangelogs
   dh_perl
   dh_link
   dh_strip_nondeterminism
   dh_compress
   dh_fixperms
   dh_missing
   dh_strip
   dh_makeshlibs
   dh_shlibdeps
   dh_installdeb
   dh_gencontrol
   dh_md5sums
   dh_builddeb
dpkg-deb: building package 'epson-inkjet-printer-filter' in '../epson-inkjet-printer-filter_1.0.0-0_amd64.deb'.
dpkg-deb: building package 'epson-inkjet-printer-filter-dbgsym' in 'debian/.debhelper/scratch-space/build-epson-inkjet-printer-filter/epson-inkjet-printer-filter-dbgsym_1.0.0-0_amd64.deb'.
	Renaming epson-inkjet-printer-filter-dbgsym_1.0.0-0_amd64.deb to epson-inkjet-printer-filter-dbgsym_1.0.0-0_amd64.ddeb
dpkg-deb: building package 'epson-inkjet-printer-l100l200' in '../epson-inkjet-printer-l100l200_1.0.0-0_amd64.deb'.
dpkg-deb: building package 'epson-inkjet-printer-l100l200-dbgsym' in 'debian/.debhelper/scratch-space/build-epson-inkjet-printer-l100l200/epson-inkjet-printer-l100l200-dbgsym_1.0.0-0_amd64.deb'.
	Renaming epson-inkjet-printer-l100l200-dbgsym_1.0.0-0_amd64.deb to epson-inkjet-printer-l100l200-dbgsym_1.0.0-0_amd64.ddeb
dpkg-deb: building package 'epson-inkjet-printer-201601w' in '../epson-inkjet-printer-201601w_1.0.0-0_amd64.deb'.
dpkg-deb: building package 'epson-inkjet-printer-201601w-dbgsym' in 'debian/.debhelper/scratch-space/build-epson-inkjet-printer-201601w/epson-inkjet-printer-201601w-dbgsym_1.0.0-0_amd64.deb'.
	Renaming epson-inkjet-printer-201601w-dbgsym_1.0.0-0_amd64.deb to epson-inkjet-printer-201601w-dbgsym_1.0.0-0_amd64.ddeb
dpkg-deb: building package 'epson-inkjet-printer-201401w' in '../epson-inkjet-printer-201401w_1.0.0-0_amd64.deb'.
dpkg-deb: building package 'epson-inkjet-printer-201401w-dbgsym' in 'debian/.debhelper/scratch-space/build-epson-inkjet-printer-201401w/epson-inkjet-printer-201401w-dbgsym_1.0.0-0_amd64.deb'.
	Renaming epson-inkjet-printer-201401w-dbgsym_1.0.0-0_amd64.deb to epson-inkjet-printer-201401w-dbgsym_1.0.0-0_amd64.ddeb
dpkg-deb: building package 'epson-inkjet-printer-201310w' in '../epson-inkjet-printer-201310w_1.0.0-0_amd64.deb'.
dpkg-deb: building package 'epson-inkjet-printer-201310w-dbgsym' in 'debian/.debhelper/scratch-space/build-epson-inkjet-printer-201310w/epson-inkjet-printer-201310w-dbgsym_1.0.0-0_amd64.deb'.
	Renaming epson-inkjet-printer-201310w-dbgsym_1.0.0-0_amd64.deb to epson-inkjet-printer-201310w-dbgsym_1.0.0-0_amd64.ddeb
dpkg-deb: building package 'epson-inkjet-printer-201215w' in '../epson-inkjet-printer-201215w_1.0.0-0_amd64.deb'.
dpkg-deb: building package 'epson-inkjet-printer-201215w-dbgsym' in 'debian/.debhelper/scratch-space/build-epson-inkjet-printer-201215w/epson-inkjet-printer-201215w-dbgsym_1.0.0-0_amd64.deb'.
	Renaming epson-inkjet-printer-201215w-dbgsym_1.0.0-0_amd64.deb to epson-inkjet-printer-201215w-dbgsym_1.0.0-0_amd64.ddeb
dpkg-deb: building package 'epson-inkjet-printer-201207w' in '../epson-inkjet-printer-201207w_1.0.0-0_amd64.deb'.
dpkg-deb: building package 'epson-inkjet-printer-201207w-dbgsym' in 'debian/.debhelper/scratch-space/build-epson-inkjet-printer-201207w/epson-inkjet-printer-201207w-dbgsym_1.0.0-0_amd64.deb'.
	Renaming epson-inkjet-printer-201207w-dbgsym_1.0.0-0_amd64.deb to epson-inkjet-printer-201207w-dbgsym_1.0.0-0_amd64.ddeb
dpkg-deb: building package 'printer-driver-escp' in '../printer-driver-escp_1.0.0-0_all.deb'.
